This is XeTeX, Version 3.141592653-2.6-0.999994 (MiKTeX 22.3) (preloaded format=xelatex 2022.4.19)  29 DEC 2022 09:11
entering extended mode
 restricted \write18 enabled.
 %&-line parsing enabled.
**./Tyche.tex
(Tyche.tex
LaTeX2e <2021-11-15> patch level 1
L3 programming layer <2022-02-24> (sphinxmanual.cls
Document Class: sphinxmanual 2019/12/01 v2.3.0 Document class (Sphinx manual)
(C:\Users\rhanes\AppData\Local\Programs\MiKTeX\tex/latex/base\report.cls
Document Class: report 2021/10/04 v1.4n Standard LaTeX document class
(C:\Users\rhanes\AppData\Local\Programs\MiKTeX\tex/latex/base\size10.clo
File: size10.clo 2021/10/04 v1.4n Standard LaTeX file (size option)
)
\c@part=\count181
\c@chapter=\count182
\c@section=\count183
\c@subsection=\count184
\c@subsubsection=\count185
\c@paragraph=\count186
\c@subparagraph=\count187
\c@figure=\count188
\c@table=\count189
\abovecaptionskip=\skip47
\belowcaptionskip=\skip48
\bibindent=\dimen138
)
LaTeX Info: Redefining \and on input line 35.
)
\sphinxpxdimen=\dimen139

(C:\Users\rhanes\AppData\Local\Programs\MiKTeX\tex/latex/cmap\cmap.sty
Package: cmap 2021/02/06 v1.0j CMap support: searchable PDF


Package cmap Warning: pdftex not detected - exiting.

)
(C:\Users\rhanes\AppData\Local\Programs\MiKTeX\tex/latex/fontspec\fontspec.sty
(C:\Users\rhanes\AppData\Local\Programs\MiKTeX\tex/latex/l3packages/xparse\xpar
se.sty
(C:\Users\rhanes\AppData\Local\Programs\MiKTeX\tex/latex/l3kernel\expl3.sty
Package: expl3 2022-02-24 L3 programming layer (loader) 

(C:\Users\rhanes\AppData\Local\Programs\MiKTeX\tex/latex/l3backend\l3backend-xe
tex.def
File: l3backend-xetex.def 2022-02-07 L3 backend support: XeTeX
 ()
\c__kernel_sys_dvipdfmx_version_int=\count190
\l__color_backend_stack_int=\count191
\g__color_backend_stack_int=\count192
\g__graphics_track_int=\count193
\l__pdf_internal_box=\box50
\g__pdf_backend_object_int=\count194
\g__pdf_backend_annotation_int=\count195
\g__pdf_backend_link_int=\count196
))
Package: xparse 2022-01-12 L3 Experimental document command parser
)
Package: fontspec 2022/01/15 v2.8a Font selection for XeLaTeX and LuaLaTeX

(C:\Users\rhanes\AppData\Local\Programs\MiKTeX\tex/latex/fontspec\fontspec-xete
x.sty
Package: fontspec-xetex 2022/01/15 v2.8a Font selection for XeLaTeX and LuaLaTe
X
\l__fontspec_script_int=\count197
\l__fontspec_language_int=\count198
\l__fontspec_strnum_int=\count199
\l__fontspec_tmp_int=\count266
\l__fontspec_tmpa_int=\count267
\l__fontspec_tmpb_int=\count268
\l__fontspec_tmpc_int=\count269
\l__fontspec_em_int=\count270
\l__fontspec_emdef_int=\count271
\l__fontspec_strong_int=\count272
\l__fontspec_strongdef_int=\count273
\l__fontspec_tmpa_dim=\dimen140
\l__fontspec_tmpb_dim=\dimen141
\l__fontspec_tmpc_dim=\dimen142
 (C:\Users\rhanes\AppData\Local\Programs\MiKTeX\tex/latex/base\fontenc.sty
Package: fontenc 2021/04/29 v2.0v Standard LaTeX package
)
(C:\Users\rhanes\AppData\Local\Programs\MiKTeX\tex/latex/fontspec\fontspec.cfg)
)) (C:\Users\rhanes\AppData\Local\Programs\MiKTeX\tex/latex/amsmath\amsmath.sty
Package: amsmath 2021/10/15 v2.17l AMS math features
\@mathmargin=\skip49
For additional information on amsmath, use the `?' option.
(C:\Users\rhanes\AppData\Local\Programs\MiKTeX\tex/latex/amsmath\amstext.sty
Package: amstext 2021/08/26 v2.01 AMS text

(C:\Users\rhanes\AppData\Local\Programs\MiKTeX\tex/latex/amsmath\amsgen.sty
File: amsgen.sty 1999/11/30 v2.0 generic functions
\@emptytoks=\toks16
\ex@=\dimen143
))
(C:\Users\rhanes\AppData\Local\Programs\MiKTeX\tex/latex/amsmath\amsbsy.sty
Package: amsbsy 1999/11/29 v1.2d Bold Symbols
\pmbraise@=\dimen144
)
(C:\Users\rhanes\AppData\Local\Programs\MiKTeX\tex/latex/amsmath\amsopn.sty
Package: amsopn 2021/08/26 v2.02 operator names
)
\inf@bad=\count274
LaTeX Info: Redefining \frac on input line 234.
\uproot@=\count275
\leftroot@=\count276
LaTeX Info: Redefining \overline on input line 399.
\classnum@=\count277
\DOTSCASE@=\count278
LaTeX Info: Redefining \ldots on input line 496.
LaTeX Info: Redefining \dots on input line 499.
LaTeX Info: Redefining \cdots on input line 620.
\Mathstrutbox@=\box51
\strutbox@=\box52
\big@size=\dimen145
LaTeX Font Info:    Redeclaring font encoding OML on input line 743.
LaTeX Font Info:    Redeclaring font encoding OMS on input line 744.
\macc@depth=\count279
\c@MaxMatrixCols=\count280
\dotsspace@=\muskip16
\c@parentequation=\count281
\dspbrk@lvl=\count282
\tag@help=\toks17
\row@=\count283
\column@=\count284
\maxfields@=\count285
\andhelp@=\toks18
\eqnshift@=\dimen146
\alignsep@=\dimen147
\tagshift@=\dimen148
\tagwidth@=\dimen149
\totwidth@=\dimen150
\lineht@=\dimen151
\@envbody=\toks19
\multlinegap=\skip50
\multlinetaggap=\skip51
\mathdisplay@stack=\toks20
LaTeX Info: Redefining \[ on input line 2938.
LaTeX Info: Redefining \] on input line 2939.
)
(C:\Users\rhanes\AppData\Local\Programs\MiKTeX\tex/latex/amsfonts\amssymb.sty
Package: amssymb 2013/01/14 v3.01 AMS font symbols

(C:\Users\rhanes\AppData\Local\Programs\MiKTeX\tex/latex/amsfonts\amsfonts.sty
Package: amsfonts 2013/01/14 v3.01 Basic AMSFonts support
\symAMSa=\mathgroup4
\symAMSb=\mathgroup5
LaTeX Font Info:    Redeclaring math symbol \hbar on input line 98.
LaTeX Font Info:    Overwriting math alphabet `\mathfrak' in version `bold'
(Font)                  U/euf/m/n --> U/euf/b/n on input line 106.
))
(C:\Users\rhanes\AppData\Local\Programs\MiKTeX\tex/latex/polyglossia\polyglossi
a.sty
Package: polyglossia 2022/04/10 v1.55a Modern multilingual typesetting with XeL
aTeX and LuaLaTeX

(C:\Users\rhanes\AppData\Local\Programs\MiKTeX\tex/latex/etoolbox\etoolbox.sty
Package: etoolbox 2020/10/05 v2.5k e-TeX tools for LaTeX (JAW)
\etb@tempcnta=\count286
) (C:\Users\rhanes\AppData\Local\Programs\MiKTeX\tex/latex/makecmds\makecmds.st
y
Package: makecmds 2009/09/03 v1.0a extra command making commands
) (C:\Users\rhanes\AppData\Local\Programs\MiKTeX\tex/latex/xkeyval\xkeyval.sty
Package: xkeyval 2020/11/20 v2.8 package option processing (HA)

(C:\Users\rhanes\AppData\Local\Programs\MiKTeX\tex/generic/xkeyval\xkeyval.tex
(C:\Users\rhanes\AppData\Local\Programs\MiKTeX\tex/generic/xkeyval\xkvutils.tex
\XKV@toks=\toks21
\XKV@tempa@toks=\toks22
(C:\Users\rhanes\AppData\Local\Programs\MiKTeX\tex/generic/xkeyval\keyval.tex))
\XKV@depth=\count287
File: xkeyval.tex 2014/12/03 v2.7a key=value parser (HA)
)) (C:\Users\rhanes\AppData\Local\Programs\MiKTeX\tex/generic/iftex\iftex.sty
Package: iftex 2022/02/03 v1.0f TeX engine tests
)
(C:\Users\rhanes\AppData\Local\Programs\MiKTeX\tex/latex/l3packages/l3keys2e\l3
keys2e.sty
Package: l3keys2e 2022-01-12 LaTeX2e option processing using LaTeX3 keys
)
\xpg@normalclass=\XeTeXcharclass1

(C:\Users\rhanes\AppData\Local\Programs\MiKTeX\tex/latex/polyglossia\gloss-late
x.lde
Package: gloss-latex 2021/07/10 vv1.53 polyglossia: module for default language

The property list \polyglossia@langsetup contains the pairs (without outer
braces):
>  {latex/script}  =>  {latin}
>  {latex/lcscript}  =>  {latin}
>  {latex/scripttag}  =>  {}
>  {latex/language}  =>  {Latex}
>  {latex/langtag}  =>  {ENG}
>  {latex/bcp47}  =>  {}
>  {latex/hyphennames}  =>  {english}
>  {latex/direction}  =>  {LR}
>  {latex/hyphenmins}  =>  {2,3}
>  {latex/frenchspacing}  =>  {false}
>  {latex/indentfirst}  =>  {false}
>  {latex/fontsetup}  =>  {true}
>  {latex/envname}  =>  {latex}
>  {latex/babelname}  =>  {latex}
>  {latex/localnumeral}  =>  {polyglossia@C@localnumeral}
>  {latex/Localnumeral}  =>  {polyglossia@C@localnumeral}
>  {latex/DefineCommandsCmd}  =>  {use_none:n}.
)
Package polyglossia Info: Default language is latex.
)
(C:\Users\rhanes\AppData\Local\Programs\MiKTeX\tex/latex/polyglossia\gloss-engl
ish.ldf
File: gloss-english.ldf polyglossia: module for english
The property list \polyglossia@langsetup contains the pairs (without outer
braces):
>  {latex/script}  =>  {latin}
>  {latex/lcscript}  =>  {latin}
>  {latex/scripttag}  =>  {}
>  {latex/language}  =>  {Latex}
>  {latex/langtag}  =>  {ENG}
>  {latex/bcp47}  =>  {}
>  {latex/hyphennames}  =>  {english}
>  {latex/direction}  =>  {LR}
>  {latex/hyphenmins}  =>  {2,3}
>  {latex/frenchspacing}  =>  {false}
>  {latex/indentfirst}  =>  {false}
>  {latex/fontsetup}  =>  {true}
>  {latex/envname}  =>  {latex}
>  {latex/babelname}  =>  {latex}
>  {latex/localnumeral}  =>  {polyglossia@C@localnumeral}
>  {latex/Localnumeral}  =>  {polyglossia@C@localnumeral}
>  {latex/DefineCommandsCmd}  =>  {use_none:n}
>  {english/script}  =>  {latin}
>  {english/lcscript}  =>  {latin}
>  {english/scripttag}  =>  {}
>  {english/language}  =>  {English}
>  {english/langtag}  =>  {ENG}
>  {english/bcp47}  =>  {en-US}
>  {english/hyphennames}  =>  {english,american,usenglish,USenglish}
>  {english/direction}  =>  {LR}
>  {english/hyphenmins}  =>  {2,3}
>  {english/frenchspacing}  =>  {false}
>  {english/indentfirst}  =>  {false}
>  {english/fontsetup}  =>  {true}
>  {english/envname}  =>  {english}
>  {english/babelname}  =>  {english}
>  {english/localnumeral}  =>  {polyglossia@C@localnumeral}
>  {english/Localnumeral}  =>  {polyglossia@C@localnumeral}
>  {english/DefineCommandsCmd}  =>  {xpg_define_language_commands:e}.
Package polyglossia Info: Option: English, variant=american.
)
Package polyglossia Info: Default language is english.

Package fontspec Info: Font family 'FreeSerif(0)' created for font 'FreeSerif'
(fontspec)             with options [Extension = .otf,UprightFont =
(fontspec)             *,ItalicFont = *Italic,BoldFont = *Bold,BoldItalicFont
(fontspec)             = *BoldItalic].
(fontspec)              
(fontspec)              This font family consists of the following NFSS
(fontspec)             series/shapes:
(fontspec)              
(fontspec)             - 'normal' (m/n) with NFSS spec.:
(fontspec)             <->"[FreeSerif.otf]/OT:script=latn;language=dflt;"
(fontspec)             - 'small caps'  (m/sc) with NFSS spec.:
(fontspec)             <->"[FreeSerif.otf]/OT:script=latn;language=dflt;+smcp;"

(fontspec)             - 'bold' (b/n) with NFSS spec.:
(fontspec)             <->"[FreeSerifBold.otf]/OT:script=latn;language=dflt;"
(fontspec)             - 'bold small caps'  (b/sc) with NFSS spec.:
(fontspec)             <->"[FreeSerifBold.otf]/OT:script=latn;language=dflt;+sm
cp;"
(fontspec)             - 'italic' (m/it) with NFSS spec.:
(fontspec)             <->"[FreeSerifItalic.otf]/OT:script=latn;language=dflt;"

(fontspec)             - 'italic small caps'  (m/scit) with NFSS spec.: 
(fontspec)             - 'bold italic' (b/it) with NFSS spec.:
(fontspec)             <->"[FreeSerifBoldItalic.otf]/OT:script=latn;language=df
lt;"
(fontspec)             - 'bold italic small caps'  (b/scit) with NFSS spec.: 


Package fontspec Info: Font family 'FreeSans(0)' created for font 'FreeSans'
(fontspec)             with options [Extension = .otf,UprightFont =
(fontspec)             *,ItalicFont = *Oblique,BoldFont = *Bold,BoldItalicFont
(fontspec)             = *BoldOblique].
(fontspec)              
(fontspec)              This font family consists of the following NFSS
(fontspec)             series/shapes:
(fontspec)              
(fontspec)             - 'normal' (m/n) with NFSS spec.:
(fontspec)             <->"[FreeSans.otf]/OT:script=latn;language=dflt;"
(fontspec)             - 'small caps'  (m/sc) with NFSS spec.:
(fontspec)             <->"[FreeSans.otf]/OT:script=latn;language=dflt;+smcp;"
(fontspec)             - 'bold' (b/n) with NFSS spec.:
(fontspec)             <->"[FreeSansBold.otf]/OT:script=latn;language=dflt;"
(fontspec)             - 'bold small caps'  (b/sc) with NFSS spec.:
(fontspec)             <->"[FreeSansBold.otf]/OT:script=latn;language=dflt;+smc
p;"
(fontspec)             - 'italic' (m/it) with NFSS spec.:
(fontspec)             <->"[FreeSansOblique.otf]/OT:script=latn;language=dflt;"

(fontspec)             - 'italic small caps'  (m/scit) with NFSS spec.: 
(fontspec)             - 'bold italic' (b/it) with NFSS spec.:
(fontspec)             <->"[FreeSansBoldOblique.otf]/OT:script=latn;language=df
lt;"
(fontspec)             - 'bold italic small caps'  (b/scit) with NFSS spec.: 


Package fontspec Info: Font family 'FreeMono(0)' created for font 'FreeMono'
(fontspec)             with options [Extension = .otf,UprightFont =
(fontspec)             *,ItalicFont = *Oblique,BoldFont = *Bold,BoldItalicFont
(fontspec)             = *BoldOblique].
(fontspec)              
(fontspec)              This font family consists of the following NFSS
(fontspec)             series/shapes:
(fontspec)              
(fontspec)             - 'normal' (m/n) with NFSS spec.:
(fontspec)             <->"[FreeMono.otf]/OT:script=latn;language=dflt;"
(fontspec)             - 'small caps'  (m/sc) with NFSS spec.: 
(fontspec)             - 'bold' (b/n) with NFSS spec.:
(fontspec)             <->"[FreeMonoBold.otf]/OT:script=latn;language=dflt;"
(fontspec)             - 'bold small caps'  (b/sc) with NFSS spec.: 
(fontspec)             - 'italic' (m/it) with NFSS spec.:
(fontspec)             <->"[FreeMonoOblique.otf]/OT:script=latn;language=dflt;"

(fontspec)             - 'italic small caps'  (m/scit) with NFSS spec.: 
(fontspec)             - 'bold italic' (b/it) with NFSS spec.:
(fontspec)             <->"[FreeMonoBoldOblique.otf]/OT:script=latn;language=df
lt;"
(fontspec)             - 'bold italic small caps'  (b/scit) with NFSS spec.: 


(C:\Users\rhanes\AppData\Local\Programs\MiKTeX\tex/latex/fncychap\fncychap.sty
Package: fncychap 2007/07/30 v1.34 LaTeX package (Revised chapters)
\RW=\skip52
\mylen=\skip53
\myhi=\skip54
\px=\skip55
\py=\skip56
\pyy=\skip57
\pxx=\skip58
\c@AlphaCnt=\count288
\c@AlphaDecCnt=\count289
) (sphinx.sty
Package: sphinx 2021/01/27 v4.0.0 LaTeX package (Sphinx markup)

(C:\Users\rhanes\AppData\Local\Programs\MiKTeX\tex/generic/ltxcmds\ltxcmds.sty
Package: ltxcmds 2020-05-10 v1.25 LaTeX kernel commands for general use (HO)
) (C:\Users\rhanes\AppData\Local\Programs\MiKTeX\tex/latex/xcolor\xcolor.sty
Package: xcolor 2021/10/31 v2.13 LaTeX color extensions (UK)

(C:\Users\rhanes\AppData\Local\Programs\MiKTeX\tex/latex/graphics-cfg\color.cfg
File: color.cfg 2016/01/02 v1.6 sample color configuration
)
Package xcolor Info: Driver file: xetex.def on input line 227.

(C:\Users\rhanes\AppData\Local\Programs\MiKTeX\tex/latex/graphics-def\xetex.def
File: xetex.def 2021/03/18 v5.0k Graphics/color driver for xetex
)
Package xcolor Info: Model `cmy' substituted by `cmy0' on input line 1352.
Package xcolor Info: Model `RGB' extended on input line 1368.
Package xcolor Info: Model `HTML' substituted by `rgb' on input line 1370.
Package xcolor Info: Model `Hsb' substituted by `hsb' on input line 1371.
Package xcolor Info: Model `tHsb' substituted by `hsb' on input line 1372.
Package xcolor Info: Model `HSB' substituted by `hsb' on input line 1373.
Package xcolor Info: Model `Gray' substituted by `gray' on input line 1374.
Package xcolor Info: Model `wave' substituted by `hsb' on input line 1375.
)
(C:\Users\rhanes\AppData\Local\Programs\MiKTeX\tex/latex/kvoptions\kvoptions.st
y
Package: kvoptions 2020-10-07 v3.14 Key value format for package options (HO)

(C:\Users\rhanes\AppData\Local\Programs\MiKTeX\tex/generic/kvsetkeys\kvsetkeys.
sty
Package: kvsetkeys 2019/12/15 v1.18 Key value parser (HO)
))
\sphinxverbatimsep=\dimen152
\sphinxverbatimborder=\dimen153
\sphinxshadowsep=\dimen154
\sphinxshadowsize=\dimen155
\sphinxshadowrule=\dimen156
\spx@notice@border=\dimen157
 (sphinxoptionshyperref.sty
File: sphinxoptionshyperref.sty 2021/01/27 hyperref
) (sphinxoptionsgeometry.sty
File: sphinxoptionsgeometry.sty 2021/01/27 geometry
)
(C:\Users\rhanes\AppData\Local\Programs\MiKTeX\tex/latex/base\textcomp.sty
Package: textcomp 2020/02/02 v2.0n Standard LaTeX package
)
(C:\Users\rhanes\AppData\Local\Programs\MiKTeX\tex/latex/float\float.sty
Package: float 2001/11/08 v1.3d Float enhancements (AL)
\c@float@type=\count290
\float@exts=\toks23
\float@box=\box53
\@float@everytoks=\toks24
\@floatcapt=\box54
)
(C:\Users\rhanes\AppData\Local\Programs\MiKTeX\tex/latex/wrapfig\wrapfig.sty
\wrapoverhang=\dimen158
\WF@size=\dimen159
\c@WF@wrappedlines=\count291
\WF@box=\box55
\WF@everypar=\toks25
Package: wrapfig 2003/01/31  v 3.6
)
(C:\Users\rhanes\AppData\Local\Programs\MiKTeX\tex/latex/capt-of\capt-of.sty
Package: capt-of 2009/12/29 v0.2 standard captions outside of floats
)
(C:\Users\rhanes\AppData\Local\Programs\MiKTeX\tex/latex/tools\multicol.sty
Package: multicol 2021/10/28 v1.9b multicolumn formatting (FMi)
\c@tracingmulticols=\count292
\mult@box=\box56
\multicol@leftmargin=\dimen160
\c@unbalance=\count293
\c@collectmore=\count294
\doublecol@number=\count295
\multicoltolerance=\count296
\multicolpretolerance=\count297
\full@width=\dimen161
\page@free=\dimen162
\premulticols=\dimen163
\postmulticols=\dimen164
\multicolsep=\skip59
\multicolbaselineskip=\skip60
\partial@page=\box57
\last@line=\box58
\maxbalancingoverflow=\dimen165
\mult@rightbox=\box59
\mult@grightbox=\box60
\mult@firstbox=\box61
\mult@gfirstbox=\box62
\@tempa=\box63
\@tempa=\box64
\@tempa=\box65
\@tempa=\box66
\@tempa=\box67
\@tempa=\box68
\@tempa=\box69
\@tempa=\box70
\@tempa=\box71
\@tempa=\box72
\@tempa=\box73
\@tempa=\box74
\@tempa=\box75
\@tempa=\box76
\@tempa=\box77
\@tempa=\box78
\@tempa=\box79
\@tempa=\box80
\@tempa=\box81
\@tempa=\box82
\@tempa=\box83
\@tempa=\box84
\@tempa=\box85
\@tempa=\box86
\@tempa=\box87
\@tempa=\box88
\@tempa=\box89
\@tempa=\box90
\@tempa=\box91
\@tempa=\box92
\@tempa=\box93
\@tempa=\box94
\@tempa=\box95
\@tempa=\box96
\@tempa=\box97
\@tempa=\box98
\c@minrows=\count298
\c@columnbadness=\count299
\c@finalcolumnbadness=\count300
\last@try=\dimen166
\multicolovershoot=\dimen167
\multicolundershoot=\dimen168
\mult@nat@firstbox=\box99
\colbreak@box=\box100
\mc@col@check@num=\count301
)
(C:\Users\rhanes\AppData\Local\Programs\MiKTeX\tex/latex/graphics\graphicx.sty
Package: graphicx 2021/09/16 v1.2d Enhanced LaTeX Graphics (DPC,SPQR)

(C:\Users\rhanes\AppData\Local\Programs\MiKTeX\tex/latex/graphics\graphics.sty
Package: graphics 2021/03/04 v1.4d Standard LaTeX Graphics (DPC,SPQR)

(C:\Users\rhanes\AppData\Local\Programs\MiKTeX\tex/latex/graphics\trig.sty
Package: trig 2021/08/11 v1.11 sin cos tan (DPC)
)
(C:\Users\rhanes\AppData\Local\Programs\MiKTeX\tex/latex/graphics-cfg\graphics.
cfg
File: graphics.cfg 2016/06/04 v1.11 sample graphics configuration
)
Package graphics Info: Driver file: xetex.def on input line 107.
)
\Gin@req@height=\dimen169
\Gin@req@width=\dimen170
) (sphinxlatexgraphics.sty
File: sphinxlatexgraphics.sty 2021/01/27 graphics
\spx@image@maxheight=\dimen171
\spx@image@box=\box101
) (sphinxlatexadmonitions.sty
File: sphinxlatexadmonitions.sty 2021/01/27 admonitions

(C:\Users\rhanes\AppData\Local\Programs\MiKTeX\tex/latex/framed\framed.sty
Package: framed 2011/10/22 v 0.96: framed or shaded text with page breaks
\OuterFrameSep=\skip61
\fb@frw=\dimen172
\fb@frh=\dimen173
\FrameRule=\dimen174
\FrameSep=\dimen175
))
(sphinxlatexliterals.sty
File: sphinxlatexliterals.sty 2021/12/06 code-blocks and parsed literals

(C:\Users\rhanes\AppData\Local\Programs\MiKTeX\tex/latex/fancyvrb\fancyvrb.sty
Package: fancyvrb 2022/04/12 4.2 verbatim text (tvz,hv)
\FV@CodeLineNo=\count302
\FV@InFile=\read2
\FV@TabBox=\box102
\c@FancyVerbLine=\count303
\FV@StepNumber=\count304
\FV@OutFile=\write3
) (C:\Users\rhanes\AppData\Local\Programs\MiKTeX\tex/latex/base\alltt.sty
Package: alltt 2021/01/29 v2.0g defines alltt environment
)
(C:\Users\rhanes\AppData\Local\Programs\MiKTeX\tex/latex/upquote\upquote.sty
Package: upquote 2012/04/19 v1.3 upright-quote and grave-accent glyphs in verba
tim
)
(C:\Users\rhanes\AppData\Local\Programs\MiKTeX\tex/latex/needspace\needspace.st
y
Package: needspace 2010/09/12 v1.3d reserve vertical space
)
\sphinxcontinuationbox=\box103
\sphinxvisiblespacebox=\box104
\sphinxVerbatim@TitleBox=\box105
\sphinxVerbatim@ContentsBox=\box106
\spx@scratchbox=\box107
) (sphinxlatexshadowbox.sty
File: sphinxlatexshadowbox.sty 2021/01/27 sphinxShadowBox
) (sphinxlatexcontainers.sty
File: sphinxlatexcontainers.sty 2021/05/03 containers
) (sphinxhighlight.sty
Package: sphinxhighlight 2016/05/29 stylesheet for highlighting with pygments
) (sphinxlatextables.sty
File: sphinxlatextables.sty 2021/01/27 tables

(C:\Users\rhanes\AppData\Local\Programs\MiKTeX\tex/latex/tabulary\tabulary.sty
Package: tabulary 2014/06/11 v0.10 tabulary package (DPC)

(C:\Users\rhanes\AppData\Local\Programs\MiKTeX\tex/latex/tools\array.sty
Package: array 2021/10/04 v2.5f Tabular extension package (FMi)
\col@sep=\dimen176
\ar@mcellbox=\box108
\extrarowheight=\dimen177
\NC@list=\toks26
\extratabsurround=\skip62
\backup@length=\skip63
\ar@cellbox=\box109
)
\TY@count=\count305
\TY@linewidth=\dimen178
\tymin=\dimen179
\tymax=\dimen180
\TY@tablewidth=\dimen181
)
(C:\Users\rhanes\AppData\Local\Programs\MiKTeX\tex/latex/tools\longtable.sty
Package: longtable 2021-09-01 v4.17 Multi-page Table package (DPC)
\LTleft=\skip64
\LTright=\skip65
\LTpre=\skip66
\LTpost=\skip67
\LTchunksize=\count306
\LTcapwidth=\dimen182
\LT@head=\box110
\LT@firsthead=\box111
\LT@foot=\box112
\LT@lastfoot=\box113
\LT@gbox=\box114
\LT@cols=\count307
\LT@rows=\count308
\c@LT@tables=\count309
\c@LT@chunks=\count310
\LT@p@ftn=\toks27
)
(C:\Users\rhanes\AppData\Local\Programs\MiKTeX\tex/latex/varwidth\varwidth.sty
Package: varwidth 2009/03/30 ver 0.92;  Variable-width minipages
\@vwid@box=\box115
\sift@deathcycles=\count311
\@vwid@loff=\dimen183
\@vwid@roff=\dimen184
)
\sphinx@TY@tablewidth=\dimen185
) (sphinxlatexnumfig.sty
File: sphinxlatexnumfig.sty 2021/01/27 numbering
) (sphinxlatexlists.sty
File: sphinxlatexlists.sty 2021/12/20 lists
\spx@lineitemlabel=\toks28
)
\c@sphinxscope=\count312
 (sphinxpackagefootnote.sty
Package: sphinxpackagefootnote 2022/02/12 v4.5.0 Sphinx custom footnotehyper pa
ckage (Sphinx team)
\FNH@notes=\box116
\FNH@toks=\toks29
\FNH@width=\dimen186
\c@sphinxfootnotemark=\count313
)
(sphinxlatexindbibtoc.sty
File: sphinxlatexindbibtoc.sty 2021/01/27 index, bib., toc

(C:\Users\rhanes\AppData\Local\Programs\MiKTeX\tex/latex/base\makeidx.sty
Package: makeidx 2021/10/04 v1.0m Standard LaTeX package
))
(sphinxlatexstylepage.sty
File: sphinxlatexstylepage.sty 2021/01/27 page styling

(C:\Users\rhanes\AppData\Local\Programs\MiKTeX\tex/latex/parskip\parskip.sty
Rollback for package 'parskip' requested -> version 'v1'.
         This corresponds to the release introduced on 2001-04-09.

(C:\Users\rhanes\AppData\Local\Programs\MiKTeX\tex/latex/parskip\parskip-2001-0
4-09.sty
Package: parskip 2001/04/09 non-zero parskip adjustments
))
(C:\Users\rhanes\AppData\Local\Programs\MiKTeX\tex/latex/fancyhdr\fancyhdr.sty
Package: fancyhdr 2021/01/28 v4.0.1 Extensive control of page headers and foote
rs
\f@nch@headwidth=\skip68
\f@nch@O@elh=\skip69
\f@nch@O@erh=\skip70
\f@nch@O@olh=\skip71
\f@nch@O@orh=\skip72
\f@nch@O@elf=\skip73
\f@nch@O@erf=\skip74
\f@nch@O@olf=\skip75
\f@nch@O@orf=\skip76
)) (sphinxlatexstyleheadings.sty
File: sphinxlatexstyleheadings.sty 2021/01/27 headings

(C:\Users\rhanes\AppData\Local\Programs\MiKTeX\tex/latex/titlesec\titlesec.sty
Package: titlesec 2021/07/05 v2.14 Sectioning titles
\ttl@box=\box117
\beforetitleunit=\skip77
\aftertitleunit=\skip78
\ttl@plus=\dimen187
\ttl@minus=\dimen188
\ttl@toksa=\toks30
\titlewidth=\dimen189
\titlewidthlast=\dimen190
\titlewidthfirst=\dimen191
)) (sphinxlatexstyletext.sty
File: sphinxlatexstyletext.sty 2021/12/06 text styling
) (sphinxlatexobjects.sty
File: sphinxlatexobjects.sty 2022/01/13 documentation environments
\sphinxsignaturesep=\skip79
\py@argswidth=\skip80
\lineblockindentation=\skip81
\DUlineblockindent=\skip82
))
(C:\Users\rhanes\AppData\Local\Programs\MiKTeX\tex/latex/geometry\geometry.sty
Package: geometry 2020/01/02 v5.9 Page Geometry

(C:\Users\rhanes\AppData\Local\Programs\MiKTeX\tex/generic/iftex\ifvtex.sty
Package: ifvtex 2019/10/25 v1.7 ifvtex legacy package. Use iftex instead.
)
\Gm@cnth=\count314
\Gm@cntv=\count315
\c@Gm@tempcnt=\count316
\Gm@bindingoffset=\dimen192
\Gm@wd@mp=\dimen193
\Gm@odd@mp=\dimen194
\Gm@even@mp=\dimen195
\Gm@layoutwidth=\dimen196
\Gm@layoutheight=\dimen197
\Gm@layouthoffset=\dimen198
\Gm@layoutvoffset=\dimen199
\Gm@dimlist=\toks31

(C:\Users\rhanes\AppData\Local\Programs\MiKTeX\tex/latex/geometry\geometry.cfg)
)
(C:\Users\rhanes\AppData\Local\Programs\MiKTeX\tex/latex/hyperref\hyperref.sty
Package: hyperref 2022-02-21 v7.00n Hypertext links for LaTeX

(C:\Users\rhanes\AppData\Local\Programs\MiKTeX\tex/generic/pdftexcmds\pdftexcmd
s.sty
Package: pdftexcmds 2020-06-27 v0.33 Utility functions of pdfTeX for LuaTeX (HO
)

(C:\Users\rhanes\AppData\Local\Programs\MiKTeX\tex/generic/infwarerr\infwarerr.
sty
Package: infwarerr 2019/12/03 v1.5 Providing info/warning/error messages (HO)
)
Package pdftexcmds Info: \pdf@primitive is available.
Package pdftexcmds Info: \pdf@ifprimitive is available.
Package pdftexcmds Info: \pdfdraftmode not found.
)
(C:\Users\rhanes\AppData\Local\Programs\MiKTeX\tex/generic/kvdefinekeys\kvdefin
ekeys.sty
Package: kvdefinekeys 2019-12-19 v1.6 Define keys (HO)
)
(C:\Users\rhanes\AppData\Local\Programs\MiKTeX\tex/generic/pdfescape\pdfescape.
sty
Package: pdfescape 2019/12/09 v1.15 Implements pdfTeX's escape features (HO)
)
(C:\Users\rhanes\AppData\Local\Programs\MiKTeX\tex/latex/hycolor\hycolor.sty
Package: hycolor 2020-01-27 v1.10 Color options for hyperref/bookmark (HO)
)
(C:\Users\rhanes\AppData\Local\Programs\MiKTeX\tex/latex/letltxmacro\letltxmacr
o.sty
Package: letltxmacro 2019/12/03 v1.6 Let assignment for LaTeX macros (HO)
)
(C:\Users\rhanes\AppData\Local\Programs\MiKTeX\tex/latex/auxhook\auxhook.sty
Package: auxhook 2019-12-17 v1.6 Hooks for auxiliary files (HO)
)
\@linkdim=\dimen256
\Hy@linkcounter=\count317
\Hy@pagecounter=\count318

(C:\Users\rhanes\AppData\Local\Programs\MiKTeX\tex/latex/hyperref\pd1enc.def
File: pd1enc.def 2022-02-21 v7.00n Hyperref: PDFDocEncoding definition (HO)
)
(C:\Users\rhanes\AppData\Local\Programs\MiKTeX\tex/generic/intcalc\intcalc.sty
Package: intcalc 2019/12/15 v1.3 Expandable calculations with integers (HO)
)
(C:\Users\rhanes\AppData\Local\Programs\MiKTeX\tex/generic/etexcmds\etexcmds.st
y
Package: etexcmds 2019/12/15 v1.7 Avoid name clashes with e-TeX commands (HO)
)
\Hy@SavedSpaceFactor=\count319
 (C:\Users\rhanes\AppData\Local\Programs\MiKTeX\tex/latex/hyperref\puenc.def
File: puenc.def 2022-02-21 v7.00n Hyperref: PDF Unicode definition (HO)
)
Package hyperref Info: Option `hyperindex' set `false' on input line 4018.
Package hyperref Info: Option `unicode' set `true' on input line 4018.
Package hyperref Info: Option `colorlinks' set `true' on input line 4018.
Package hyperref Info: Option `breaklinks' set `true' on input line 4018.
Package hyperref Info: Hyper figures OFF on input line 4137.
Package hyperref Info: Link nesting OFF on input line 4142.
Package hyperref Info: Hyper index OFF on input line 4147.
Package hyperref Info: Plain pages OFF on input line 4152.
Package hyperref Info: Backreferencing OFF on input line 4157.
Package hyperref Info: Implicit mode ON; LaTeX internals redefined.
Package hyperref Info: Bookmarks ON on input line 4390.
\c@Hy@tempcnt=\count320
(C:\Users\rhanes\AppData\Local\Programs\MiKTeX\tex/latex/url\url.sty
\Urlmuskip=\muskip17
Package: url 2013/09/16  ver 3.4  Verb mode for urls, etc.
)
LaTeX Info: Redefining \url on input line 4749.
\XeTeXLinkMargin=\dimen257

(C:\Users\rhanes\AppData\Local\Programs\MiKTeX\tex/generic/bitset\bitset.sty
Package: bitset 2019/12/09 v1.3 Handle bit-vector datatype (HO)

(C:\Users\rhanes\AppData\Local\Programs\MiKTeX\tex/generic/bigintcalc\bigintcal
c.sty
Package: bigintcalc 2019/12/15 v1.5 Expandable calculations on big integers (HO
)
))
\Fld@menulength=\count321
\Field@Width=\dimen258
\Fld@charsize=\dimen259
Package hyperref Info: Hyper figures OFF on input line 6027.
Package hyperref Info: Link nesting OFF on input line 6032.
Package hyperref Info: Hyper index OFF on input line 6037.
Package hyperref Info: backreferencing OFF on input line 6042.
Package hyperref Info: Link coloring ON on input line 6045.
Package hyperref Info: Link coloring with OCG OFF on input line 6052.
Package hyperref Info: PDF/A mode OFF on input line 6057.
LaTeX Info: Redefining \ref on input line 6097.
LaTeX Info: Redefining \pageref on input line 6101.

(C:\Users\rhanes\AppData\Local\Programs\MiKTeX\tex/latex/base\atbegshi-ltx.sty
Package: atbegshi-ltx 2021/01/10 v1.0c Emulation of the original atbegshi
package with kernel methods
)
\Hy@abspage=\count322
\c@Item=\count323
\c@Hfootnote=\count324
)
Package hyperref Info: Driver (autodetected): hxetex.
 (C:\Users\rhanes\AppData\Local\Programs\MiKTeX\tex/latex/hyperref\hxetex.def
File: hxetex.def 2022-02-21 v7.00n Hyperref driver for XeTeX

(C:\Users\rhanes\AppData\Local\Programs\MiKTeX\tex/generic/stringenc\stringenc.
sty
Package: stringenc 2019/11/29 v1.12 Convert strings between diff. encodings (HO
)
)
\pdfm@box=\box118
\c@Hy@AnnotLevel=\count325
\HyField@AnnotCount=\count326
\Fld@listcount=\count327
\c@bookmark@seq@number=\count328

(C:\Users\rhanes\AppData\Local\Programs\MiKTeX\tex/latex/rerunfilecheck\rerunfi
lecheck.sty
Package: rerunfilecheck 2019/12/05 v1.9 Rerun checks for auxiliary files (HO)

(C:\Users\rhanes\AppData\Local\Programs\MiKTeX\tex/latex/base\atveryend-ltx.sty
Package: atveryend-ltx 2020/08/19 v1.0a Emulation of the original atveryend pac
kage
with kernel methods
)
(C:\Users\rhanes\AppData\Local\Programs\MiKTeX\tex/generic/uniquecounter\unique
counter.sty
Package: uniquecounter 2019/12/15 v1.4 Provide unlimited unique counter (HO)
)
Package uniquecounter Info: New unique counter `rerunfilecheck' on input line 2
86.
)
\Hy@SectionHShift=\skip83
)
(C:\Users\rhanes\AppData\Local\Programs\MiKTeX\tex/latex/oberdiek\hypcap.sty
Package: hypcap 2016/05/16 v1.12 Adjusting the anchors of captions (HO)
)
(sphinxmessages.sty
Package: sphinxmessages 2019/01/04 v2.0 Localized LaTeX macros (Sphinx team)
)
\@indexfile=\write4
\openout4 = `Tyche.idx'.


Writing index file Tyche.idx
(Tyche.aux
LaTeX Info: Redefining \rmfamily on input line 19.
LaTeX Info: Redefining \sffamily on input line 19.
LaTeX Info: Redefining \ttfamily on input line 19.
)
\openout1 = `Tyche.aux'.

LaTeX Font Info:    Checking defaults for OML/cmm/m/it on input line 83.
LaTeX Font Info:    ... okay on input line 83.
LaTeX Font Info:    Checking defaults for OMS/cmsy/m/n on input line 83.
LaTeX Font Info:    ... okay on input line 83.
LaTeX Font Info:    Checking defaults for OT1/cmr/m/n on input line 83.
LaTeX Font Info:    ... okay on input line 83.
LaTeX Font Info:    Checking defaults for T1/cmr/m/n on input line 83.
LaTeX Font Info:    ... okay on input line 83.
LaTeX Font Info:    Checking defaults for TS1/cmr/m/n on input line 83.
LaTeX Font Info:    Trying to load font information for TS1+cmr on input line 8
3.

(C:\Users\rhanes\AppData\Local\Programs\MiKTeX\tex/latex/base\ts1cmr.fd
File: ts1cmr.fd 2019/12/16 v2.5j Standard LaTeX font definitions
)
LaTeX Font Info:    ... okay on input line 83.
LaTeX Font Info:    Checking defaults for TU/lmr/m/n on input line 83.
LaTeX Font Info:    ... okay on input line 83.
LaTeX Font Info:    Checking defaults for OMX/cmex/m/n on input line 83.
LaTeX Font Info:    ... okay on input line 83.
LaTeX Font Info:    Checking defaults for U/cmr/m/n on input line 83.
LaTeX Font Info:    ... okay on input line 83.
LaTeX Font Info:    Checking defaults for PD1/pdf/m/n on input line 83.
LaTeX Font Info:    ... okay on input line 83.
LaTeX Font Info:    Checking defaults for PU/pdf/m/n on input line 83.
LaTeX Font Info:    ... okay on input line 83.

Package fontspec Info: Adjusting the maths setup (use [no-math] to avoid
(fontspec)             this).

\symlegacymaths=\mathgroup6
LaTeX Font Info:    Overwriting symbol font `legacymaths' in version `bold'
(Font)                  OT1/cmr/m/n --> OT1/cmr/bx/n on input line 83.
LaTeX Font Info:    Redeclaring math accent \acute on input line 83.
LaTeX Font Info:    Redeclaring math accent \grave on input line 83.
LaTeX Font Info:    Redeclaring math accent \ddot on input line 83.
LaTeX Font Info:    Redeclaring math accent \tilde on input line 83.
LaTeX Font Info:    Redeclaring math accent \bar on input line 83.
LaTeX Font Info:    Redeclaring math accent \breve on input line 83.
LaTeX Font Info:    Redeclaring math accent \check on input line 83.
LaTeX Font Info:    Redeclaring math accent \hat on input line 83.
LaTeX Font Info:    Redeclaring math accent \dot on input line 83.
LaTeX Font Info:    Redeclaring math accent \mathring on input line 83.
LaTeX Font Info:    Redeclaring math symbol \Gamma on input line 83.
LaTeX Font Info:    Redeclaring math symbol \Delta on input line 83.
LaTeX Font Info:    Redeclaring math symbol \Theta on input line 83.
LaTeX Font Info:    Redeclaring math symbol \Lambda on input line 83.
LaTeX Font Info:    Redeclaring math symbol \Xi on input line 83.
LaTeX Font Info:    Redeclaring math symbol \Pi on input line 83.
LaTeX Font Info:    Redeclaring math symbol \Sigma on input line 83.
LaTeX Font Info:    Redeclaring math symbol \Upsilon on input line 83.
LaTeX Font Info:    Redeclaring math symbol \Phi on input line 83.
LaTeX Font Info:    Redeclaring math symbol \Psi on input line 83.
LaTeX Font Info:    Redeclaring math symbol \Omega on input line 83.
LaTeX Font Info:    Redeclaring math symbol \mathdollar on input line 83.
LaTeX Font Info:    Redeclaring symbol font `operators' on input line 83.
LaTeX Font Info:    Encoding `OT1' has changed to `TU' for symbol font
(Font)              `operators' in the math version `normal' on input line 83.
LaTeX Font Info:    Overwriting symbol font `operators' in version `normal'
(Font)                  OT1/cmr/m/n --> TU/FreeSerif(0)/m/n on input line 83.
LaTeX Font Info:    Encoding `OT1' has changed to `TU' for symbol font
(Font)              `operators' in the math version `bold' on input line 83.
LaTeX Font Info:    Overwriting symbol font `operators' in version `bold'
(Font)                  OT1/cmr/bx/n --> TU/FreeSerif(0)/m/n on input line 83.
LaTeX Font Info:    Overwriting symbol font `operators' in version `normal'
(Font)                  TU/FreeSerif(0)/m/n --> TU/FreeSerif(0)/m/n on input li
ne 83.
LaTeX Font Info:    Overwriting math alphabet `\mathit' in version `normal'
(Font)                  OT1/cmr/m/it --> TU/FreeSerif(0)/m/it on input line 83.

LaTeX Font Info:    Overwriting math alphabet `\mathbf' in version `normal'
(Font)                  OT1/cmr/bx/n --> TU/FreeSerif(0)/b/n on input line 83.
LaTeX Font Info:    Overwriting math alphabet `\mathsf' in version `normal'
(Font)                  OT1/cmss/m/n --> TU/FreeSans(0)/m/n on input line 83.
LaTeX Font Info:    Overwriting math alphabet `\mathtt' in version `normal'
(Font)                  OT1/cmtt/m/n --> TU/FreeMono(0)/m/n on input line 83.
LaTeX Font Info:    Overwriting symbol font `operators' in version `bold'
(Font)                  TU/FreeSerif(0)/m/n --> TU/FreeSerif(0)/b/n on input li
ne 83.
LaTeX Font Info:    Overwriting math alphabet `\mathit' in version `bold'
(Font)                  OT1/cmr/bx/it --> TU/FreeSerif(0)/b/it on input line 83
.
LaTeX Font Info:    Overwriting math alphabet `\mathsf' in version `bold'
(Font)                  OT1/cmss/bx/n --> TU/FreeSans(0)/b/n on input line 83.
LaTeX Font Info:    Overwriting math alphabet `\mathtt' in version `bold'
(Font)                  OT1/cmtt/m/n --> TU/FreeMono(0)/b/n on input line 83.
The property list \__xpg_alias contains the pairs (without outer braces):
>  {latex/target}  =>  {latex}
>  {english/target}  =>  {english}
>  {en/target}  =>  {english}
>  {en/bcp47}  =>  {en}
>  {en/options}  =>  {bcp47=en}
>  {en-AU/target}  =>  {en}
>  {en-AU/variant}  =>  {australian}
>  {en-AU/bcp47}  =>  {en-AU}
>  {en-AU/babelname}  =>  {australian}
>  {en-AU/options}  =>  {variant=australian,babelname=autralian,bcp47=en-AU}
>  {en-CA/target}  =>  {en}
>  {en-CA/variant}  =>  {canadian}
>  {en-CA/bcp47}  =>  {en-CA}
>  {en-CA/babelname}  =>  {canadian}
>  {en-CA/options}  =>  {variant=canadian,babelname=canadian,bcp47=en-CA}
>  {en-GB/target}  =>  {en}
>  {en-GB/variant}  =>  {british}
>  {en-GB/bcp47}  =>  {en-NZ}
>  {en-GB/babelname}  =>  {british}
>  {en-GB/options}  =>  {variant=british,babelname=british,bcp47=en-NZ}
>  {en-NZ/target}  =>  {en}
>  {en-NZ/variant}  =>  {newzealand}
>  {en-NZ/bcp47}  =>  {en-NZ}
>  {en-NZ/babelname}  =>  {newzealand}
>  {en-NZ/options}  =>  {variant=newzealand,babelname=newzealand,bcp47=en-NZ}
>  {en-US/target}  =>  {en}
>  {en-US/variant}  =>  {us}
>  {en-US/bcp47}  =>  {en-US}
>  {en-US/babelname}  =>  {us}
>  {en-US/options}  =>  {variant=us,babelname=american,bcp47=en-US}
>  {american/target}  =>  {en-US}
>  {american/variant}  =>  {us}
>  {american/options}  =>  {variant=us}
>  {australian/target}  =>  {en-AU}
>  {australian/variant}  =>  {australian}
>  {australian/options}  =>  {variant=australian}
>  {british/target}  =>  {en-GB}
>  {british/variant}  =>  {british}
>  {british/options}  =>  {variant=british}
>  {canadian/target}  =>  {en-CA}
>  {canadian/variant}  =>  {canadian}
>  {canadian/options}  =>  {variant=canadian}
>  {newzealand/target}  =>  {en-NZ}
>  {newzealand/variant}  =>  {newzealand}
>  {newzealand/options}  =>  {variant=newzealand}.
\c@literalblock=\count329

*geometry* driver: auto-detecting
*geometry* detected driver: xetex
*geometry* verbose mode - [ preamble ] result:
* driver: xetex
* paper: letterpaper
* layout: <same size as paper>
* layoutoffset:(h,v)=(0.0pt,0.0pt)
* modes: twoside 
* h-part:(L,W,R)=(72.26999pt, 469.75502pt, 72.26999pt)
* v-part:(T,H,B)=(72.26999pt, 650.43001pt, 72.26999pt)
* \paperwidth=614.295pt
* \paperheight=794.96999pt
* \textwidth=469.75502pt
* \textheight=650.43001pt
* \oddsidemargin=0.0pt
* \evensidemargin=0.0pt
* \topmargin=-37.0pt
* \headheight=12.0pt
* \headsep=25.0pt
* \topskip=10.0pt
* \footskip=30.0pt
* \marginparwidth=36.135pt
* \marginparsep=11.0pt
* \columnsep=10.0pt
* \skip\footins=9.0pt plus 4.0pt minus 2.0pt
* \hoffset=0.0pt
* \voffset=0.0pt
* \mag=1000
* \@twocolumnfalse
* \@twosidetrue
* \@mparswitchtrue
* \@reversemarginfalse
* (1in=72.27pt=25.4mm, 1cm=28.453pt)

Package hyperref Info: Link coloring ON on input line 83.
(C:\Users\rhanes\AppData\Local\Programs\MiKTeX\tex/latex/hyperref\nameref.sty
Package: nameref 2021-04-02 v2.47 Cross-referencing by name of section

(C:\Users\rhanes\AppData\Local\Programs\MiKTeX\tex/latex/refcount\refcount.sty
Package: refcount 2019/12/15 v3.6 Data extraction from label references (HO)
)
(C:\Users\rhanes\AppData\Local\Programs\MiKTeX\tex/generic/gettitlestring\getti
tlestring.sty
Package: gettitlestring 2019/12/15 v1.6 Cleanup title references (HO)
)
\c@section@level=\count330
)
LaTeX Info: Redefining \ref on input line 83.
LaTeX Info: Redefining \pageref on input line 83.
LaTeX Info: Redefining \nameref on input line 83.
 (Tyche.out) (Tyche.out)
\@outlinefile=\write5
\openout5 = `Tyche.out'.

LaTeX Info: Redefining \rmfamily on input line 83.
LaTeX Info: Redefining \sffamily on input line 83.
LaTeX Info: Redefining \ttfamily on input line 83.
Package hyperref Info: Option `pageanchor' set `false' on input line 86.
LaTeX Font Info:    Trying to load font information for U+msa on input line 86.


(C:\Users\rhanes\AppData\Local\Programs\MiKTeX\tex/latex/amsfonts\umsa.fd
File: umsa.fd 2013/01/14 v3.01 AMS symbols A
)
LaTeX Font Info:    Trying to load font information for U+msb on input line 86.


(C:\Users\rhanes\AppData\Local\Programs\MiKTeX\tex/latex/amsfonts\umsb.fd
File: umsb.fd 2013/01/14 v3.01 AMS symbols B
)
[1

] [2


] (Tyche.toc
LaTeX Info: Redefining \rmfamily on input line 1.
LaTeX Info: Redefining \sffamily on input line 1.
LaTeX Info: Redefining \ttfamily on input line 1.
)
\tf@toc=\write6
\openout6 = `Tyche.toc'.

 [1

] [2

] [1] [2

]
Chapter 1.
[3]
File: image1.png Graphic file (type bmp)
<image1.png>
 [4] [5] [6]
Underfull \hbox (badness 10000) in paragraph at lines 434--437
[]|\TU/FreeSerif(0)/m/n/10 Name of the elements
 []


Underfull \hbox (badness 10000) in paragraph at lines 460--462
[]\TU/FreeSerif(0)/m/it/10 scipy.stats \TU/FreeSerif(0)/m/n/10 distribu-
 []


Underfull \hbox (badness 10000) in paragraph at lines 464--466
[]\TU/FreeSerif(0)/m/n/10 Mixture of
 []


Underfull \hbox (badness 10000) in paragraph at lines 464--466
\TU/FreeSerif(0)/m/it/10 scipy.stats \TU/FreeSerif(0)/m/n/10 dis-
 []


Overfull \hbox (3.23123pt too wide) in paragraph at lines 469--473
\TU/FreeSerif(0)/m/n/10 st.triang(1,loc=5,scale=0.1)| 
 []


Underfull \hbox (badness 6910) in paragraph at lines 496--499
[]|\TU/FreeSerif(0)/m/n/10 Description provided by
 []


Underfull \hbox (badness 10000) in paragraph at lines 597--597
[]\TU/FreeSans(0)/m/n/10 Vari-
 []


Underfull \hbox (badness 10000) in paragraph at lines 597--597
[]\TU/FreeSerif(0)/m/n/10 Input
 []


Underfull \hbox (badness 10000) in paragraph at lines 597--597
\TU/FreeSerif(0)/m/n/10 effi-
 []


Underfull \hbox (badness 10000) in paragraph at lines 597--597
[]\TU/FreeSerif(0)/m/n/10 Input
 []


Underfull \hbox (badness 10000) in paragraph at lines 597--597
[]\TU/FreeSerif(0)/m/n/10 Output
 []


Underfull \hbox (badness 10000) in paragraph at lines 597--597
\TU/FreeSerif(0)/m/n/10 effi-
 []


Underfull \hbox (badness 10000) in paragraph at lines 597--597
[]\TU/FreeSerif(0)/m/n/10 Output
 []


Underfull \hbox (badness 10000) in paragraph at lines 597--597
[]\TU/FreeSerif(0)/m/n/10 Life-
 []

[7]
Underfull \hbox (badness 10000) in paragraph at lines 697--697
[]\TU/FreeSans(0)/m/n/10 Column
 []


Underfull \hbox (badness 10000) in paragraph at lines 697--697
[]\TU/FreeSerif(0)/m/n/10 Technol-
 []

[8]
Underfull \hbox (badness 10000) in paragraph at lines 773--773
[]\TU/FreeSans(0)/m/n/10 Recommended
 []


Underfull \hbox (badness 10000) in paragraph at lines 773--773
[]\TU/FreeSerif(0)/m/n/10 Calculated technology metric
 []

[9]
Underfull \hbox (badness 10000) in paragraph at lines 871--871
[]\TU/FreeSans(0)/m/n/10 Col-
 []


Underfull \hbox (badness 10000) in paragraph at lines 871--871
\TU/FreeSans(0)/m/n/10 umn
 []


Underfull \hbox (badness 10000) in paragraph at lines 871--871
[]\TU/FreeSerif(0)/m/n/10 Cate-
 []


Overfull \hbox (5.19778pt too wide) in paragraph at lines 871--871
[]\TU/FreeSerif(0)/m/n/10 Tranche| 
 []


Underfull \hbox (badness 10000) in paragraph at lines 871--871
[]\TU/FreeSerif(0)/m/n/10 Sce-
 []


Overfull \hbox (5.36778pt too wide) in paragraph at lines 871--871
[]\TU/FreeSerif(0)/m/n/10 Amount| 
 []


Underfull \hbox (badness 10000) in paragraph at lines 871--871
[]\TU/FreeSerif(0)/m/n/10 Float; Distribu-
 []


Underfull \hbox (badness 10000) in paragraph at lines 945--945
[]\TU/FreeSans(0)/m/n/10 Col-
 []


Underfull \hbox (badness 10000) in paragraph at lines 945--945
\TU/FreeSans(0)/m/n/10 umn
 []


Underfull \hbox (badness 10000) in paragraph at lines 945--945
[]\TU/FreeSerif(0)/m/n/10 Invest-
 []


Underfull \hbox (badness 10000) in paragraph at lines 945--945
[]\TU/FreeSerif(0)/m/n/10 Cate-
 []


Overfull \hbox (5.3895pt too wide) in paragraph at lines 945--945
[]\TU/FreeSerif(0)/m/n/10 Tranche| 
 []

[10]
Underfull \hbox (badness 10000) in paragraph at lines 1034--1037
[]|\TU/FreeSerif(0)/m/n/10 Name of the elements
 []


Underfull \hbox (badness 8075) in paragraph at lines 1034--1037
\TU/FreeSerif(0)/m/n/10 instance, names of the
 []

[11]
Underfull \hbox (badness 10000) in paragraph at lines 1220--1220
[]\TU/FreeSans(0)/m/n/10 Column
 []


Underfull \hbox (badness 10000) in paragraph at lines 1220--1220
[]\TU/FreeSans(0)/m/n/10 Data
 []


Underfull \hbox (badness 10000) in paragraph at lines 1220--1220
[]\TU/FreeSans(0)/m/n/10 Allowed
 []


Underfull \hbox (badness 10000) in paragraph at lines 1220--1220
[]\TU/FreeSerif(0)/m/n/10 Technol-
 []


Underfull \hbox (badness 6542) in paragraph at lines 1292--1295
[]|\TU/FreeSerif(0)/m/n/10 Specific technology out-
 []


Underfull \hbox (badness 6412) in paragraph at lines 1305--1308
[]|\TU/FreeSerif(0)/m/n/10 Names of the elements
 []

[12] [13] [14

]
Chapter 2.

Underfull \hbox (badness 10000) in paragraph at lines 1655--1655
[]\TU/FreeSerif(0)/m/n/10 Simple elec-
 []


Underfull \hbox (badness 10000) in paragraph at lines 1655--1655
[]\TU/FreeSerif(0)/m/n/10 Base Elec-
 []


Underfull \hbox (badness 10000) in paragraph at lines 1655--1655
[]\TU/FreeSerif(0)/m/n/10 Simple elec-
 []


Underfull \hbox (badness 10000) in paragraph at lines 1655--1655
[]\TU/FreeSerif(0)/m/n/10 Base Elec-
 []


Underfull \hbox (badness 10000) in paragraph at lines 1655--1655
[]\TU/FreeSerif(0)/m/n/10 Input effi-
 []


Underfull \hbox (badness 10000) in paragraph at lines 1655--1655
[]\TU/FreeSerif(0)/m/n/10 Simple elec-
 []


Underfull \hbox (badness 10000) in paragraph at lines 1655--1655
[]\TU/FreeSerif(0)/m/n/10 Base Elec-
 []


Underfull \hbox (badness 10000) in paragraph at lines 1655--1655
[]\TU/FreeSerif(0)/m/n/10 Elec-
 []


Underfull \hbox (badness 10000) in paragraph at lines 1655--1655
[]\TU/FreeSerif(0)/m/n/10 Simple elec-
 []


Underfull \hbox (badness 10000) in paragraph at lines 1655--1655
[]\TU/FreeSerif(0)/m/n/10 Base Elec-
 []


Underfull \hbox (badness 10000) in paragraph at lines 1655--1655
[]\TU/FreeSerif(0)/m/n/10 Input effi-
 []


Underfull \hbox (badness 10000) in paragraph at lines 1655--1655
[]\TU/FreeSerif(0)/m/n/10 Elec-
 []


Underfull \hbox (badness 10000) in paragraph at lines 1655--1655
[]\TU/FreeSerif(0)/m/n/10 Simple elec-
 []


Underfull \hbox (badness 10000) in paragraph at lines 1655--1655
[]\TU/FreeSerif(0)/m/n/10 Base Elec-
 []


Underfull \hbox (badness 10000) in paragraph at lines 1655--1655
[]\TU/FreeSerif(0)/m/n/10 Output effi-
 []


Underfull \hbox (badness 10000) in paragraph at lines 1655--1655
[]\TU/FreeSerif(0)/m/n/10 Simple elec-
 []


Underfull \hbox (badness 10000) in paragraph at lines 1655--1655
[]\TU/FreeSerif(0)/m/n/10 Base Elec-
 []


Underfull \hbox (badness 10000) in paragraph at lines 1655--1655
[]\TU/FreeSerif(0)/m/n/10 Output effi-
 []


Underfull \hbox (badness 10000) in paragraph at lines 1655--1655
[]\TU/FreeSerif(0)/m/n/10 Hydro-
 []


Underfull \hbox (badness 10000) in paragraph at lines 1655--1655
[]\TU/FreeSerif(0)/m/n/10 Simple elec-
 []


Underfull \hbox (badness 10000) in paragraph at lines 1655--1655
[]\TU/FreeSerif(0)/m/n/10 Base Elec-
 []


Underfull \hbox (badness 10000) in paragraph at lines 1655--1655
[]\TU/FreeSerif(0)/m/n/10 Simple elec-
 []


Underfull \hbox (badness 10000) in paragraph at lines 1655--1655
[]\TU/FreeSerif(0)/m/n/10 Base Elec-
 []


Underfull \hbox (badness 10000) in paragraph at lines 1655--1655
[]\TU/FreeSerif(0)/m/n/10 Simple elec-
 []


Underfull \hbox (badness 10000) in paragraph at lines 1655--1655
[]\TU/FreeSerif(0)/m/n/10 Base Elec-
 []


Underfull \hbox (badness 10000) in paragraph at lines 1655--1655
[]\TU/FreeSerif(0)/m/n/10 4.80E-
 []


Overfull \hbox (7.94136pt too wide) in paragraph at lines 1655--1655
[]\TU/FreeSerif(0)/m/n/10 USD/mole| 
 []


Underfull \hbox (badness 10000) in paragraph at lines 1655--1655
[]\TU/FreeSerif(0)/m/n/10 Simple elec-
 []


Underfull \hbox (badness 10000) in paragraph at lines 1655--1655
[]\TU/FreeSerif(0)/m/n/10 Base Elec-
 []


Underfull \hbox (badness 10000) in paragraph at lines 1655--1655
[]\TU/FreeSerif(0)/m/n/10 Elec-
 []


Underfull \hbox (badness 10000) in paragraph at lines 1655--1655
[]\TU/FreeSerif(0)/m/n/10 3.33E-
 []


Underfull \hbox (badness 10000) in paragraph at lines 1655--1655
[]\TU/FreeSerif(0)/m/n/10 Simple elec-
 []


Underfull \hbox (badness 10000) in paragraph at lines 1655--1655
[]\TU/FreeSerif(0)/m/n/10 Base Elec-
 []


Underfull \hbox (badness 10000) in paragraph at lines 1655--1655
[]\TU/FreeSerif(0)/m/n/10 3.00E-
 []


Underfull \hbox (badness 10000) in paragraph at lines 1655--1655
[]\TU/FreeSerif(0)/m/n/10 Simple elec-
 []


Underfull \hbox (badness 10000) in paragraph at lines 1655--1655
[]\TU/FreeSerif(0)/m/n/10 Base Elec-
 []


Underfull \hbox (badness 10000) in paragraph at lines 1655--1655
[]\TU/FreeSerif(0)/m/n/10 Hydro-
 []


Underfull \hbox (badness 10000) in paragraph at lines 1655--1655
[]\TU/FreeSerif(0)/m/n/10 1.00E-
 []

[15]
Underfull \hbox (badness 10000) in paragraph at lines 1893--1893
[]\TU/FreeSans(0)/m/n/10 Off-
 []


Underfull \hbox (badness 10000) in paragraph at lines 1893--1893
[]\TU/FreeSerif(0)/m/n/10 Base Elec-
 []


Underfull \hbox (badness 10000) in paragraph at lines 1893--1893
[]\TU/FreeSerif(0)/m/n/10 Base Elec-
 []


Underfull \hbox (badness 10000) in paragraph at lines 1893--1893
[]\TU/FreeSerif(0)/m/n/10 Base Elec-
 []


Underfull \hbox (badness 10000) in paragraph at lines 1893--1893
[]\TU/FreeSerif(0)/m/n/10 Base Elec-
 []


Underfull \hbox (badness 10000) in paragraph at lines 1893--1893
[]\TU/FreeSerif(0)/m/n/10 Base Elec-
 []


Overfull \hbox (6.76678pt too wide) in paragraph at lines 1893--1893
[]\TU/FreeSerif(0)/m/n/10 job/mole| 
 []


Underfull \hbox (badness 10000) in paragraph at lines 1893--1893
[]\TU/FreeSerif(0)/m/n/10 Base Elec-
 []


Overfull \hbox (1.73679pt too wide) in paragraph at lines 1893--1893
[]\TU/FreeSerif(0)/m/n/10 mole/yr| 
 []


Underfull \hbox (badness 10000) in paragraph at lines 1893--1893
[]\TU/FreeSerif(0)/m/n/10 Base Elec-
 []


Underfull \hbox (badness 10000) in paragraph at lines 1893--1893
[]\TU/FreeSerif(0)/m/n/10 Base Elec-
 []


Overfull \hbox (1.80678pt too wide) in paragraph at lines 1893--1893
[]\TU/FreeSerif(0)/m/n/10 USD/yr| 
 []


Underfull \hbox (badness 10000) in paragraph at lines 1893--1893
[]\TU/FreeSerif(0)/m/n/10 Base Elec-
 []


Overfull \hbox (5.90077pt too wide) in paragraph at lines 1893--1893
[]\TU/FreeSerif(0)/m/n/10 0.00108| 
 []


Overfull \hbox (6.87679pt too wide) in paragraph at lines 1893--1893
[]\TU/FreeSerif(0)/m/n/10 gCO2e/g| 
 []


Underfull \hbox (badness 10000) in paragraph at lines 1893--1893
[]\TU/FreeSerif(0)/m/n/10 Base Elec-
 []


Overfull \hbox (11.18678pt too wide) in paragraph at lines 1893--1893
[]\TU/FreeSerif(0)/m/n/10 gCO2e/kJ| 
 []

[16]
Package hyperref Info: bookmark level for unknown literalblock defaults to 0 on
 input line 2132.
 [17]
Underfull \vbox (badness 10000) detected at line 2216
 []


Overfull \vbox (2.78596pt too high) detected at line 2216
 []

[18] [19] [20

]
Chapter 3.
[21] [22]
File: output_35_0.png Graphic file (type bmp)
<output_35_0.png>
 [23]
File: output_37_0.png Graphic file (type bmp)
<output_37_0.png>
 [24]
File: output_39_0.png Graphic file (type bmp)
<output_39_0.png>
 [25]
File: output_51_0.png Graphic file (type bmp)
<output_51_0.png>
 [26]
File: output_53_0.png Graphic file (type bmp)
<output_53_0.png>
 [27]
File: output_55_0.png Graphic file (type bmp)
<output_55_0.png>
 [28] [29] [30] [31] [32]
File: output_108_1.png Graphic file (type bmp)
<output_108_1.png>
 [33]
File: output_112_1.png Graphic file (type bmp)
<output_112_1.png>
 [34]
File: output_118_0.png Graphic file (type bmp)
<output_118_0.png>
 [35]
[36]
Chapter 4.
[37

] [38

]
Chapter 5.
[39] [40] [41] [42]
Chapter 6.
[43

] [44] [45]
Underfull \hbox (badness 10000) in paragraph at lines 4349--4349
[]\TU/FreeSerif(0)/m/n/10 Investment
 []


Underfull \hbox (badness 10000) in paragraph at lines 4393--4393
[]$\OML/cmm/m/it/10 y[]; i; i[] \OMS/cmsy/m/n/10 2
 []


Underfull \hbox (badness 10000) in paragraph at lines 4393--4393
[]\TU/FreeSerif(0)/m/n/10 Combination vari-
 []

[46] [47] [48]
Underfull \hbox (badness 10000) in paragraph at lines 4611--4616
\TU/FreeSerif(0)/m/n/10 finding (\TU/FreeMono(0)/m/n/10 scipy.optimize\TU/FreeS
erif(0)/m/n/10 ) URL: [][]$[][][][][] [] [] [] [][][][] [] [][][][][] [] [][][]
 [] [][][] [] [][][][][] [] [][][][][][][][][] [] [][][][][][][][][] [] [][][][
][] [] [][][][][][][][] []
 []

[49] [50

]
Chapter 7.
[51] [52] [53] [54] [55]
Underfull \hbox (badness 5036) in paragraph at lines 5387--5390
[]\TU/FreeMono(0)/b/n/10 statistic \TU/FreeSerif(0)/m/n/10 (\TU/FreeMono(0)/m/i
t/10 function\TU/FreeSerif(0)/m/n/10 )  Summary statistic (metric measure) fed
 to evalua-
 []

[56] [57] [58] [59] [60] [61] [62] [63] [64] [65] [66] [67] [68] [69] [70]
[71] [72] [73] [74

] [75


]
No file Tyche.ind.
The property list \polyglossia@langsetup contains the pairs (without outer
braces):
>  {latex/script}  =>  {latin}
>  {latex/lcscript}  =>  {latin}
>  {latex/scripttag}  =>  {}
>  {latex/language}  =>  {Latex}
>  {latex/langtag}  =>  {ENG}
>  {latex/bcp47}  =>  {}
>  {latex/hyphennames}  =>  {english}
>  {latex/direction}  =>  {LR}
>  {latex/hyphenmins}  =>  {2,3}
>  {latex/frenchspacing}  =>  {false}
>  {latex/indentfirst}  =>  {false}
>  {latex/fontsetup}  =>  {true}
>  {latex/envname}  =>  {latex}
>  {latex/babelname}  =>  {latex}
>  {latex/localnumeral}  =>  {polyglossia@C@localnumeral}
>  {latex/Localnumeral}  =>  {polyglossia@C@localnumeral}
>  {latex/DefineCommandsCmd}  =>  {use_none:n}
>  {english/script}  =>  {latin}
>  {english/lcscript}  =>  {latin}
>  {english/scripttag}  =>  {}
>  {english/language}  =>  {English}
>  {english/langtag}  =>  {ENG}
>  {english/bcp47}  =>  {en-US}
>  {english/hyphennames}  =>  {english,american,usenglish,USenglish}
>  {english/direction}  =>  {LR}
>  {english/hyphenmins}  =>  {2,3}
>  {english/frenchspacing}  =>  {false}
>  {english/indentfirst}  =>  {false}
>  {english/fontsetup}  =>  {true}
>  {english/envname}  =>  {english}
>  {english/babelname}  =>  {american}
>  {english/localnumeral}  =>  {polyglossia@C@localnumeral}
>  {english/Localnumeral}  =>  {polyglossia@C@localnumeral}
>  {english/DefineCommandsCmd}  =>  {xpg_define_language_commands:e}.
The property list \__xpg_alias contains the pairs (without outer braces):
>  {latex/target}  =>  {latex}
>  {english/target}  =>  {english}
>  {en/target}  =>  {english}
>  {en/bcp47}  =>  {en}
>  {en/options}  =>  {bcp47=en}
>  {en-AU/target}  =>  {en}
>  {en-AU/variant}  =>  {australian}
>  {en-AU/bcp47}  =>  {en-AU}
>  {en-AU/babelname}  =>  {australian}
>  {en-AU/options}  =>  {variant=australian,babelname=autralian,bcp47=en-AU}
>  {en-CA/target}  =>  {en}
>  {en-CA/variant}  =>  {canadian}
>  {en-CA/bcp47}  =>  {en-CA}
>  {en-CA/babelname}  =>  {canadian}
>  {en-CA/options}  =>  {variant=canadian,babelname=canadian,bcp47=en-CA}
>  {en-GB/target}  =>  {en}
>  {en-GB/variant}  =>  {british}
>  {en-GB/bcp47}  =>  {en-NZ}
>  {en-GB/babelname}  =>  {british}
>  {en-GB/options}  =>  {variant=british,babelname=british,bcp47=en-NZ}
>  {en-NZ/target}  =>  {en}
>  {en-NZ/variant}  =>  {newzealand}
>  {en-NZ/bcp47}  =>  {en-NZ}
>  {en-NZ/babelname}  =>  {newzealand}
>  {en-NZ/options}  =>  {variant=newzealand,babelname=newzealand,bcp47=en-NZ}
>  {en-US/target}  =>  {en}
>  {en-US/variant}  =>  {us}
>  {en-US/bcp47}  =>  {en-US}
>  {en-US/babelname}  =>  {us}
>  {en-US/options}  =>  {variant=us,babelname=american,bcp47=en-US}
>  {american/target}  =>  {en-US}
>  {american/variant}  =>  {us}
>  {american/options}  =>  {variant=us}
>  {australian/target}  =>  {en-AU}
>  {australian/variant}  =>  {australian}
>  {australian/options}  =>  {variant=australian}
>  {british/target}  =>  {en-GB}
>  {british/variant}  =>  {british}
>  {british/options}  =>  {variant=british}
>  {canadian/target}  =>  {en-CA}
>  {canadian/variant}  =>  {canadian}
>  {canadian/options}  =>  {variant=canadian}
>  {newzealand/target}  =>  {en-NZ}
>  {newzealand/variant}  =>  {newzealand}
>  {newzealand/options}  =>  {variant=newzealand}.
(Tyche.aux
LaTeX Info: Redefining \rmfamily on input line 19.
LaTeX Info: Redefining \sffamily on input line 19.
LaTeX Info: Redefining \ttfamily on input line 19.
)
Package rerunfilecheck Info: File `Tyche.out' has not changed.
(rerunfilecheck)             Checksum: 0315A9FE980A3A2C170E6497478AE1A2;18207.
 ) 
Here is how much of TeX's memory you used:
 17405 strings out of 410967
 342067 string characters out of 2823550
 795205 words of memory out of 3000000
 37809 multiletter control sequences out of 15000+600000
 474809 words of font info for 99 fonts, out of 8000000 for 9000
 1349 hyphenation exceptions out of 8191
 73i,12n,85p,1539b,678s stack positions out of 10000i,1000n,20000p,200000b,80000s

Output written on Tyche.pdf (79 pages).
