\BOOKMARK [0][-]{chapter.1}{\376\377\000Q\000u\000i\000c\000k\000\040\000S\000t\000a\000r\000t\000\040\000G\000u\000i\000d\000e}{}% 1
\BOOKMARK [1][-]{section.1.1}{\376\377\000I\000n\000t\000r\000o\000d\000u\000c\000t\000i\000o\000n}{chapter.1}% 2
\BOOKMARK [2][-]{subsection.1.1.1}{\376\377\000W\000h\000a\000t\000\040\000d\000o\000e\000s\000\040\000T\000y\000c\000h\000e\000\040\000d\000o\000?}{section.1.1}% 3
\BOOKMARK [2][-]{subsection.1.1.2}{\376\377\000W\000h\000a\000t\000\040\000i\000s\000\040\000a\000\040\040\034\000t\000e\000c\000h\000n\000o\000l\000o\000g\000y\040\035\000?}{section.1.1}% 4
\BOOKMARK [1][-]{section.1.2}{\376\377\000G\000e\000t\000t\000i\000n\000g\000\040\000S\000t\000a\000r\000t\000e\000d}{chapter.1}% 5
\BOOKMARK [2][-]{subsection.1.2.1}{\376\377\000I\000n\000s\000t\000a\000l\000l\000\040\000A\000n\000a\000c\000o\000n\000d\000a}{section.1.2}% 6
\BOOKMARK [2][-]{subsection.1.2.2}{\376\377\000D\000o\000w\000n\000l\000o\000a\000d\000\040\000t\000h\000e\000\040\000T\000y\000c\000h\000e\000\040\000s\000o\000f\000t\000w\000a\000r\000e}{section.1.2}% 7
\BOOKMARK [2][-]{subsection.1.2.3}{\376\377\000N\000a\000v\000i\000g\000a\000t\000e\000\040\000t\000h\000e\000\040\000T\000y\000c\000h\000e\000\040\000d\000i\000r\000e\000c\000t\000o\000r\000y\000\040\000s\000t\000r\000u\000c\000t\000u\000r\000e}{section.1.2}% 8
\BOOKMARK [2][-]{subsection.1.2.4}{\376\377\000S\000e\000t\000\040\000u\000p\000\040\000t\000h\000e\000\040\000T\000y\000c\000h\000e\000\040\000e\000n\000v\000i\000r\000o\000n\000m\000e\000n\000t\000\040\000u\000s\000i\000n\000g\000\040\000c\000o\000n\000d\000a}{section.1.2}% 9
\BOOKMARK [2][-]{subsection.1.2.5}{\376\377\000A\000c\000c\000e\000s\000s\000\040\000T\000y\000c\000h\000e\000\040\000a\000n\000a\000l\000y\000s\000i\000s\000\040\000f\000u\000n\000c\000t\000i\000o\000n\000s}{section.1.2}% 10
\BOOKMARK [1][-]{section.1.3}{\376\377\000D\000e\000f\000i\000n\000i\000n\000g\000\040\000a\000\040\000D\000e\000c\000i\000s\000i\000o\000n\000\040\000C\000o\000n\000t\000e\000x\000t}{chapter.1}% 11
\BOOKMARK [2][-]{subsection.1.3.1}{\376\377\000T\000e\000c\000h\000n\000o\000l\000o\000g\000y\000\040\000D\000a\000t\000a\000\040\000a\000n\000d\000\040\000M\000o\000d\000e\000l}{section.1.3}% 12
\BOOKMARK [3][-]{subsubsection*.3}{\376\377\000D\000e\000s\000i\000g\000n\000s\000\040\000D\000a\000t\000a\000s\000e\000t}{subsection.1.3.1}% 13
\BOOKMARK [3][-]{subsubsection*.4}{\376\377\000P\000a\000r\000a\000m\000e\000t\000e\000r\000s\000\040\000D\000a\000t\000a\000s\000e\000t}{subsection.1.3.1}% 14
\BOOKMARK [3][-]{subsubsection*.5}{\376\377\000T\000e\000c\000h\000n\000o\000l\000o\000g\000y\000\040\000m\000o\000d\000e\000l\000\040\000\050\000.\000p\000y\000\040\000f\000i\000l\000e\000\051}{subsection.1.3.1}% 15
\BOOKMARK [2][-]{subsection.1.3.2}{\376\377\000I\000n\000v\000e\000s\000t\000m\000e\000n\000t\000\040\000D\000a\000t\000a\000s\000e\000t\000s}{section.1.3}% 16
\BOOKMARK [3][-]{subsubsection*.6}{\376\377\000T\000r\000a\000n\000c\000h\000e\000s\000\040\000D\000a\000t\000a\000s\000e\000t}{subsection.1.3.2}% 17
\BOOKMARK [3][-]{subsubsection*.7}{\376\377\000I\000n\000v\000e\000s\000t\000m\000e\000n\000t\000\040\000D\000a\000t\000a\000s\000e\000t}{subsection.1.3.2}% 18
\BOOKMARK [2][-]{subsection.1.3.3}{\376\377\000A\000d\000d\000i\000t\000i\000o\000n\000a\000l\000\040\000D\000a\000t\000a\000s\000e\000t\000s}{section.1.3}% 19
\BOOKMARK [3][-]{subsubsection*.8}{\376\377\000I\000n\000d\000i\000c\000e\000s\000\040\000D\000a\000t\000a\000s\000e\000t}{subsection.1.3.3}% 20
\BOOKMARK [3][-]{subsubsection*.9}{\376\377\000F\000u\000n\000c\000t\000i\000o\000n\000s\000\040\000D\000a\000t\000a\000s\000e\000t}{subsection.1.3.3}% 21
\BOOKMARK [3][-]{subsubsection*.10}{\376\377\000R\000e\000s\000u\000l\000t\000s\000\040\000D\000a\000t\000a\000s\000e\000t}{subsection.1.3.3}% 22
\BOOKMARK [1][-]{section.1.4}{\376\377\000U\000n\000c\000e\000r\000t\000a\000i\000n\000t\000y\000\040\000i\000n\000\040\000t\000h\000e\000\040\000I\000n\000p\000u\000t\000\040\000D\000a\000t\000a\000s\000e\000t\000s}{chapter.1}% 23
\BOOKMARK [2][-]{subsection.1.4.1}{\376\377\000D\000e\000f\000i\000n\000i\000n\000g\000\040\000v\000a\000l\000u\000e\000s\000\040\000a\000s\000\040\000p\000r\000o\000b\000a\000b\000i\000l\000i\000t\000y\000\040\000d\000i\000s\000t\000r\000i\000b\000u\000t\000i\000o\000n\000s\000\040\000a\000n\000d\000\040\000m\000i\000x\000t\000u\000r\000e\000s}{section.1.4}% 24
\BOOKMARK [0][-]{chapter.2}{\376\377\000T\000e\000c\000h\000n\000o\000l\000o\000g\000y\000\040\000M\000o\000d\000e\000l\000\040\000E\000x\000a\000m\000p\000l\000e}{}% 25
\BOOKMARK [1][-]{section.2.1}{\376\377\000P\000r\000o\000d\000u\000c\000t\000i\000o\000n\000\040\000f\000u\000n\000c\000t\000i\000o\000n\000\040\000\050\000\340\000\040\000l\000a\000\040\000L\000e\000o\000n\000t\000i\000e\000f\000\051}{chapter.2}% 26
\BOOKMARK [1][-]{section.2.2}{\376\377\000M\000e\000t\000r\000i\000c\000\040\000f\000u\000n\000c\000t\000i\000o\000n\000s}{chapter.2}% 27
\BOOKMARK [1][-]{section.2.3}{\376\377\000P\000e\000r\000f\000o\000r\000m\000a\000n\000c\000e\000\040\000o\000f\000\040\000c\000u\000r\000r\000e\000n\000t\000\040\000d\000e\000s\000i\000g\000n\000.}{chapter.2}% 28
\BOOKMARK [1][-]{section.2.4}{\376\377\000T\000e\000c\000h\000n\000o\000l\000o\000g\000y\000\040\000M\000o\000d\000e\000l}{chapter.2}% 29
\BOOKMARK [0][-]{chapter.3}{\376\377\000A\000n\000a\000l\000y\000s\000i\000s\000\040\000E\000x\000a\000m\000p\000l\000e}{}% 30
\BOOKMARK [1][-]{section.3.1}{\376\377\000I\000m\000p\000o\000r\000t\000\040\000p\000a\000c\000k\000a\000g\000e\000s\000.}{chapter.3}% 31
\BOOKMARK [1][-]{section.3.2}{\376\377\000L\000o\000a\000d\000\040\000d\000a\000t\000a\000.}{chapter.3}% 32
\BOOKMARK [1][-]{section.3.3}{\376\377\000E\000x\000a\000m\000i\000n\000e\000\040\000t\000h\000e\000\040\000d\000a\000t\000a\000.}{chapter.3}% 33
\BOOKMARK [1][-]{section.3.4}{\376\377\000E\000v\000a\000l\000u\000a\000t\000e\000\040\000t\000h\000e\000\040\000s\000c\000e\000n\000a\000r\000i\000o\000s\000\040\000i\000n\000\040\000t\000h\000e\000\040\000d\000a\000t\000a\000s\000e\000t\000.}{chapter.3}% 34
\BOOKMARK [2][-]{subsection.3.4.1}{\376\377\000S\000a\000v\000e\000\040\000r\000e\000s\000u\000l\000t\000s\000.}{section.3.4}% 35
\BOOKMARK [2][-]{subsection.3.4.2}{\376\377\000P\000l\000o\000t\000\040\000G\000H\000G\000\040\000m\000e\000t\000r\000i\000c\000.}{section.3.4}% 36
\BOOKMARK [2][-]{subsection.3.4.3}{\376\377\000P\000l\000o\000t\000\040\000L\000C\000O\000E\000\040\000m\000e\000t\000r\000i\000c\000.}{section.3.4}% 37
\BOOKMARK [2][-]{subsection.3.4.4}{\376\377\000P\000l\000o\000t\000\040\000l\000a\000b\000o\000r\000\040\000m\000e\000t\000r\000i\000c\000.}{section.3.4}% 38
\BOOKMARK [1][-]{section.3.5}{\376\377\000E\000v\000a\000l\000u\000a\000t\000e\000\040\000t\000h\000e\000\040\000i\000n\000v\000e\000s\000t\000m\000e\000n\000t\000s\000\040\000i\000n\000\040\000t\000h\000e\000\040\000d\000a\000t\000a\000s\000e\000t\000.}{chapter.3}% 39
\BOOKMARK [2][-]{subsection.3.5.1}{\376\377\000C\000o\000s\000t\000s\000\040\000o\000f\000\040\000i\000n\000v\000e\000s\000t\000m\000e\000n\000t\000s\000.}{section.3.5}% 40
\BOOKMARK [2][-]{subsection.3.5.2}{\376\377\000B\000e\000n\000e\000f\000i\000t\000s\000\040\000o\000f\000\040\000i\000n\000v\000e\000s\000t\000m\000e\000n\000t\000s\000.}{section.3.5}% 41
\BOOKMARK [2][-]{subsection.3.5.3}{\376\377\000S\000a\000v\000e\000\040\000r\000e\000s\000u\000l\000t\000s\000.}{section.3.5}% 42
\BOOKMARK [2][-]{subsection.3.5.4}{\376\377\000P\000l\000o\000t\000\040\000G\000H\000G\000\040\000m\000e\000t\000r\000i\000c\000.}{section.3.5}% 43
\BOOKMARK [2][-]{subsection.3.5.5}{\376\377\000P\000l\000o\000t\000\040\000L\000C\000O\000E\000\040\000m\000e\000t\000r\000i\000c\000.}{section.3.5}% 44
\BOOKMARK [2][-]{subsection.3.5.6}{\376\377\000P\000l\000o\000t\000\040\000l\000a\000b\000o\000r\000\040\000m\000e\000t\000r\000i\000c\000.}{section.3.5}% 45
\BOOKMARK [1][-]{section.3.6}{\376\377\000M\000u\000l\000t\000i\000-\000o\000b\000j\000e\000c\000t\000i\000v\000e\000\040\000d\000e\000c\000i\000s\000i\000o\000n\000\040\000a\000n\000a\000l\000y\000s\000i\000s\000.}{chapter.3}% 46
\BOOKMARK [2][-]{subsection.3.6.1}{\376\377\000C\000o\000m\000p\000u\000t\000e\000\040\000c\000o\000s\000t\000s\000\040\000a\000n\000d\000\040\000m\000e\000t\000r\000i\000c\000s\000\040\000f\000o\000r\000\040\000t\000r\000a\000n\000c\000h\000e\000s\000.}{section.3.6}% 47
\BOOKMARK [2][-]{subsection.3.6.2}{\376\377\000F\000i\000t\000\040\000a\000\040\000r\000e\000s\000p\000o\000n\000s\000e\000\040\000s\000u\000r\000f\000a\000c\000e\000\040\000t\000o\000\040\000t\000h\000e\000\040\000r\000e\000s\000u\000l\000t\000s\000.}{section.3.6}% 48
\BOOKMARK [3][-]{subsubsection*.11}{\376\377\000E\000x\000a\000m\000p\000l\000e\000\040\000i\000n\000t\000e\000r\000p\000o\000l\000a\000t\000i\000o\000n\000.}{subsection.3.6.2}% 49
\BOOKMARK [2][-]{subsection.3.6.3}{\376\377\003\265\000-\000C\000o\000n\000s\000t\000r\000a\000i\000n\000t\000\040\000m\000u\000l\000t\000i\000o\000b\000j\000e\000c\000t\000i\000v\000e\000\040\000o\000p\000t\000i\000m\000i\000z\000a\000t\000i\000o\000n}{section.3.6}% 50
\BOOKMARK [3][-]{subsubsection*.12}{\376\377\000E\000x\000a\000m\000p\000l\000e\000\040\000o\000p\000t\000i\000m\000i\000z\000a\000t\000i\000o\000n\000.}{subsection.3.6.3}% 51
\BOOKMARK [2][-]{subsection.3.6.4}{\376\377\000P\000a\000r\000e\000t\000o\000\040\000s\000u\000r\000f\000a\000c\000e\000s\000.}{section.3.6}% 52
\BOOKMARK [3][-]{subsubsection*.13}{\376\377\000M\000e\000t\000r\000i\000c\000s\000\040\000c\000o\000n\000s\000t\000r\000a\000i\000n\000e\000d\000\040\000b\000y\000\040\000t\000o\000t\000a\000l\000\040\000i\000n\000v\000e\000s\000t\000m\000e\000n\000t\000.}{subsection.3.6.4}% 53
\BOOKMARK [3][-]{subsubsection*.14}{\376\377\000G\000H\000G\000\040\000v\000s\000\040\000L\000C\000O\000E\000,\000\040\000c\000o\000n\000s\000t\000r\000a\000i\000n\000e\000d\000\040\000b\000y\000\040\000t\000o\000t\000a\000l\000\040\000i\000n\000v\000e\000s\000t\000m\000e\000n\000t\000.}{subsection.3.6.4}% 54
\BOOKMARK [1][-]{section.3.7}{\376\377\000R\000u\000n\000\040\000t\000h\000e\000\040\000i\000n\000t\000e\000r\000a\000c\000t\000i\000v\000e\000\040\000e\000x\000p\000l\000o\000r\000e\000r\000\040\000f\000o\000r\000\040\000t\000h\000e\000\040\000d\000e\000c\000i\000s\000i\000o\000n\000\040\000s\000p\000a\000c\000e\000.}{chapter.3}% 55
\BOOKMARK [0][-]{chapter.4}{\376\377\000A\000p\000p\000r\000o\000a\000c\000h}{}% 56
\BOOKMARK [0][-]{chapter.5}{\376\377\000M\000a\000t\000h\000e\000m\000a\000t\000i\000c\000a\000l\000\040\000F\000o\000r\000m\000u\000l\000a\000t\000i\000o\000n}{}% 57
\BOOKMARK [1][-]{section.5.1}{\376\377\000C\000o\000s\000t}{chapter.5}% 58
\BOOKMARK [1][-]{section.5.2}{\376\377\000W\000a\000s\000t\000e}{chapter.5}% 59
\BOOKMARK [1][-]{section.5.3}{\376\377\000P\000r\000o\000d\000u\000c\000t\000i\000o\000n}{chapter.5}% 60
\BOOKMARK [1][-]{section.5.4}{\376\377\000M\000e\000t\000r\000i\000c\000s}{chapter.5}% 61
\BOOKMARK [1][-]{section.5.5}{\376\377\000S\000c\000e\000n\000a\000r\000i\000o\000s}{chapter.5}% 62
\BOOKMARK [1][-]{section.5.6}{\376\377\000I\000n\000v\000e\000s\000t\000m\000e\000n\000t\000s}{chapter.5}% 63
\BOOKMARK [1][-]{section.5.7}{\376\377\000D\000e\000c\000i\000s\000i\000o\000n\000\040\000p\000r\000o\000b\000l\000e\000m}{chapter.5}% 64
\BOOKMARK [1][-]{section.5.8}{\376\377\000E\000x\000p\000e\000r\000t\000s}{chapter.5}% 65
\BOOKMARK [0][-]{chapter.6}{\376\377\000O\000p\000t\000i\000m\000i\000z\000a\000t\000i\000o\000n}{}% 66
\BOOKMARK [1][-]{section.6.1}{\376\377\000N\000o\000n\000l\000i\000n\000e\000a\000r\000\040\000P\000r\000o\000g\000r\000a\000m\000m\000i\000n\000g\000\040\000F\000o\000r\000m\000u\000l\000a\000t\000i\000o\000n}{chapter.6}% 67
\BOOKMARK [2][-]{subsection.6.1.1}{\376\377\000A\000l\000g\000o\000r\000i\000t\000h\000m\000\040\000T\000e\000s\000t\000i\000n\000g}{section.6.1}% 68
\BOOKMARK [1][-]{section.6.2}{\376\377\000S\000e\000q\000u\000e\000n\000t\000i\000a\000l\000\040\000L\000e\000a\000s\000t\000\040\000S\000q\000u\000a\000r\000e\000s\000\040\000P\000r\000o\000g\000r\000a\000m\000m\000i\000n\000g\000\040\000\050\000S\000L\000S\000Q\000P\000\051}{chapter.6}% 69
\BOOKMARK [2][-]{subsection.6.2.1}{\376\377\000S\000L\000S\000Q\000P\000\040\000S\000o\000l\000u\000t\000i\000o\000n\000\040\000t\000o\000\040\000S\000i\000m\000p\000l\000e\000\040\000R\000e\000s\000i\000d\000e\000n\000t\000i\000a\000l\000\040\000P\000h\000o\000t\000o\000v\000o\000l\000t\000a\000i\000c\000s}{section.6.2}% 70
\BOOKMARK [1][-]{section.6.3}{\376\377\000D\000i\000f\000f\000e\000r\000e\000n\000t\000i\000a\000l\000\040\000E\000v\000o\000l\000u\000t\000i\000o\000n}{chapter.6}% 71
\BOOKMARK [2][-]{subsection.6.3.1}{\376\377\000D\000i\000f\000f\000e\000r\000e\000n\000t\000i\000a\000l\000\040\000E\000v\000o\000l\000u\000t\000i\000o\000n\000\040\000S\000o\000l\000u\000t\000i\000o\000n\000s\000\040\000t\000o\000\040\000S\000i\000m\000p\000l\000e\000\040\000R\000e\000s\000i\000d\000e\000n\000t\000i\000a\000l\000\040\000P\000h\000o\000t\000o\000v\000o\000l\000t\000a\000i\000c\000s}{section.6.3}% 72
\BOOKMARK [3][-]{subsubsection*.15}{\376\377\000S\000o\000l\000u\000t\000i\000o\000n\000\040\0001}{subsection.6.3.1}% 73
\BOOKMARK [3][-]{subsubsection*.16}{\376\377\000S\000o\000l\000u\000t\000i\000o\000n\000\040\0002}{subsection.6.3.1}% 74
\BOOKMARK [1][-]{section.6.4}{\376\377\000S\000i\000m\000p\000l\000i\000c\000i\000a\000l\000\040\000H\000o\000m\000o\000l\000o\000g\000y\000\040\000G\000l\000o\000b\000a\000l\000\040\000O\000p\000t\000i\000m\000i\000z\000a\000t\000i\000o\000n}{chapter.6}% 75
\BOOKMARK [1][-]{section.6.5}{\376\377\000P\000i\000e\000c\000e\000w\000i\000s\000e\000\040\000L\000i\000n\000e\000a\000r\000\040\000\050\000M\000I\000L\000P\000\051\000\040\000F\000o\000r\000m\000u\000l\000a\000t\000i\000o\000n}{chapter.6}% 76
\BOOKMARK [2][-]{subsection.6.5.1}{\376\377\000N\000o\000t\000a\000t\000i\000o\000n}{section.6.5}% 77
\BOOKMARK [2][-]{subsection.6.5.2}{\376\377\000O\000n\000e\000-\000I\000n\000v\000e\000s\000t\000m\000e\000n\000t\000-\000C\000a\000t\000e\000g\000o\000r\000y\000,\000\040\000O\000n\000e\000-\000M\000e\000t\000r\000i\000c\000\040\000E\000x\000a\000m\000p\000l\000e}{section.6.5}% 78
\BOOKMARK [2][-]{subsection.6.5.3}{\376\377\000E\000x\000t\000e\000n\000s\000i\000o\000n\000\040\000t\000o\000\040\000N\000\040\000x\000\040\000N\000\040\000P\000r\000o\000b\000l\000e\000m}{section.6.5}% 79
\BOOKMARK [1][-]{section.6.6}{\376\377\000R\000e\000f\000e\000r\000e\000n\000c\000e\000s}{chapter.6}% 80
\BOOKMARK [0][-]{chapter.7}{\376\377\000P\000y\000t\000h\000o\000n\000\040\000A\000P\000I}{}% 81
\BOOKMARK [1][-]{section.7.1}{\376\377\000T\000y\000c\000h\000e\000\040\000M\000o\000d\000u\000l\000e}{chapter.7}% 82
\BOOKMARK [2][-]{subsection.7.1.1}{\376\377\000t\000y\000c\000h\000e\000.\000D\000e\000c\000i\000s\000i\000o\000n\000G\000U\000I}{section.7.1}% 83
\BOOKMARK [2][-]{subsection.7.1.2}{\376\377\000t\000y\000c\000h\000e\000.\000D\000e\000s\000i\000g\000n\000s}{section.7.1}% 84
\BOOKMARK [2][-]{subsection.7.1.3}{\376\377\000t\000y\000c\000h\000e\000.\000D\000i\000s\000t\000r\000i\000b\000u\000t\000i\000o\000n\000s}{section.7.1}% 85
\BOOKMARK [2][-]{subsection.7.1.4}{\376\377\000t\000y\000c\000h\000e\000.\000E\000p\000s\000i\000l\000o\000n\000C\000o\000n\000s\000t\000r\000a\000i\000n\000t\000s}{section.7.1}% 86
\BOOKMARK [2][-]{subsection.7.1.5}{\376\377\000t\000y\000c\000h\000e\000.\000E\000v\000a\000l\000u\000a\000t\000o\000r}{section.7.1}% 87
\BOOKMARK [2][-]{subsection.7.1.6}{\376\377\000t\000y\000c\000h\000e\000.\000I\000O}{section.7.1}% 88
\BOOKMARK [2][-]{subsection.7.1.7}{\376\377\000t\000y\000c\000h\000e\000.\000I\000n\000v\000e\000s\000t\000m\000e\000n\000t\000s}{section.7.1}% 89
\BOOKMARK [2][-]{subsection.7.1.8}{\376\377\000t\000y\000c\000h\000e\000.\000T\000y\000p\000e\000s}{section.7.1}% 90
\BOOKMARK [2][-]{subsection.7.1.9}{\376\377\000M\000o\000d\000u\000l\000e\000\040\000c\000o\000n\000t\000e\000n\000t\000s}{section.7.1}% 91
\BOOKMARK [1][-]{section.7.2}{\376\377\000T\000e\000c\000h\000n\000o\000l\000o\000g\000y\000\040\000M\000o\000d\000u\000l\000e}{chapter.7}% 92
\BOOKMARK [2][-]{subsection.7.2.1}{\376\377\000P\000r\000e\000-\000B\000u\000i\000l\000t\000\040\000T\000e\000c\000h\000n\000o\000l\000o\000g\000y\000\040\000M\000o\000d\000e\000l\000s\000\040\000a\000n\000d\000\040\000D\000a\000t\000a\000s\000e\000t\000s}{section.7.2}% 93
\BOOKMARK [3][-]{subsubsection*.106}{\376\377\000R\000e\000s\000i\000d\000e\000n\000t\000i\000a\000l\000\040\000P\000h\000o\000t\000o\000v\000o\000l\000t\000a\000i\000c\000s}{subsection.7.2.1}% 94
\BOOKMARK [3][-]{subsubsection*.116}{\376\377\000S\000i\000m\000p\000l\000e\000\040\000R\000e\000s\000i\000d\000e\000n\000t\000i\000a\000l\000\040\000P\000h\000o\000t\000o\000v\000o\000l\000t\000a\000i\000c\000s}{subsection.7.2.1}% 95
\BOOKMARK [3][-]{subsubsection*.123}{\376\377\000U\000t\000i\000l\000i\000t\000y\000-\000S\000c\000a\000l\000e\000\040\000P\000h\000o\000t\000o\000v\000o\000l\000t\000a\000i\000c\000s}{subsection.7.2.1}% 96
\BOOKMARK [3][-]{subsubsection*.128}{\376\377\000T\000r\000a\000n\000s\000p\000o\000r\000t\000a\000t\000i\000o\000n}{subsection.7.2.1}% 97
\BOOKMARK [2][-]{subsection.7.2.2}{\376\377\000T\000u\000t\000o\000r\000i\000a\000l\000\040\000T\000e\000c\000h\000n\000o\000l\000o\000g\000i\000e\000s}{section.7.2}% 98
\BOOKMARK [3][-]{subsubsection*.133}{\376\377\000S\000i\000m\000p\000l\000e\000\040\000E\000l\000e\000c\000t\000r\000o\000l\000y\000s\000i\000s}{subsection.7.2.2}% 99
\BOOKMARK [3][-]{subsubsection*.138}{\376\377\000T\000o\000y\000\040\000B\000i\000o\000r\000e\000f\000i\000n\000e\000r\000y}{subsection.7.2.2}% 100
\BOOKMARK [3][-]{subsubsection*.143}{\376\377\000O\000n\000s\000h\000o\000r\000e\000\040\000W\000i\000n\000d\000\040\000T\000u\000r\000b\000i\000n\000e\000s}{subsection.7.2.2}% 101
\BOOKMARK [2][-]{subsection.7.2.3}{\376\377\000M\000o\000d\000u\000l\000e\000\040\000c\000o\000n\000t\000e\000n\000t\000s}{section.7.2}% 102
\BOOKMARK [0][-]{section*.148}{\376\377\000P\000y\000t\000h\000o\000n\000\040\000M\000o\000d\000u\000l\000e\000\040\000I\000n\000d\000e\000x}{}% 103
